Build started 21-12-2014 20:31:09.
     1>Project "C:\Users\Utilizador\Documents\Visual Studio 2013\Projects\VisualAutomation\VisualAutomation\VisualAutomation.vcxproj" on node 2 (Build target(s)).
     1>ClCompile:
         C:\Program Files (x86)\Microsoft Visual Studio 12.0\VC\bin\x86_amd64\CL.exe /c /I"C:\Program Files\IDS\uEye\Develop\include" /IC:\opencv249\build\include /Zi /nologo /W3 /WX- /sdl /O2 /Oi /GL /D WIN32 /D _WINDOWS /D NDEBUG /D _UNICODE /D UNICODE /Gm- /EHsc /MT /GS /Gy /fp:precise /Zc:wchar_t /Zc:forScope /Yu"stdafx.h" /Fp"x64\Release\VisualAutomation.pch" /Fo"x64\Release\\" /Fd"x64\Release\vc120.pdb" /Gd /TP /errorReport:prompt DialogVision.cpp
         DialogVision.cpp
     1>DialogVision.cpp(41): warning C4101: 'logFont' : unreferenced local variable
       Link:
         C:\Program Files (x86)\Microsoft Visual Studio 12.0\VC\bin\x86_amd64\link.exe /ERRORREPORT:PROMPT /OUT:"C:\Users\Utilizador\Documents\Visual Studio 2013\Projects\VisualAutomation\x64\Release\VisualAutomation.exe" /INCREMENTAL:NO /NOLOGO /LIBPATH:"C:\Program Files\IDS\uEye\Develop\Lib" /LIBPATH:C:\opencv249\build\x86\vc12\lib ueye_api.lib opencv_calib3d249.lib opencv_contrib249.lib opencv_core249.lib opencv_features2d249.lib opencv_flann249.lib opencv_gpu249.lib opencv_highgui249.lib opencv_imgproc249.lib opencv_legacy249.lib opencv_ml249.lib opencv_nonfree249.lib opencv_objdetect249.lib opencv_ocl249.lib opencv_photo249.lib opencv_stitching249.lib opencv_superres249.lib opencv_ts249.lib opencv_video249.lib opencv_videostab249.lib /MANIFEST /MANIFESTUAC:"level='asInvoker' uiAccess='false'" /manifest:embed /manifestinput:"C:\Program Files (x86)\Microsoft Visual Studio 12.0\VC\Include\Manifest\dpiaware.manifest" /DEBUG /PDB:"C:\Users\Utilizador\Documents\Visual Studio 2013\Projects\VisualAutomation\x64\Release\VisualAutomation.pdb" /SUBSYSTEM:WINDOWS /OPT:REF /OPT:ICF /LTCG /TLBID:1 /ENTRY:"wWinMainCRTStartup" /DYNAMICBASE /NXCOMPAT /IMPLIB:"C:\Users\Utilizador\Documents\Visual Studio 2013\Projects\VisualAutomation\x64\Release\VisualAutomation.lib" /MACHINE:X64 x64\Release\VisualAutomation.res
         x64\Release\Camera.obj
         x64\Release\Constants.obj
         x64\Release\Detection.obj
         x64\Release\DialogCalib.obj
         x64\Release\DialogConn.obj
         x64\Release\DialogVision.obj
         x64\Release\DlgProxy.obj
         x64\Release\PLCCom.obj
         x64\Release\sscxservercommunicationcontrol.obj
         x64\Release\stdafx.obj
         x64\Release\VisualAutomation.obj
         x64\Release\VisualAutomationDlg.obj
         x64\Release\VisualRecognition.obj
         x64\Release\XMLLoader.obj
     1>opencv_highgui249.lib(opencv_highgui249.dll) : fatal error LNK1112: module machine type 'X86' conflicts with target machine type 'x64'
     1>Done Building Project "C:\Users\Utilizador\Documents\Visual Studio 2013\Projects\VisualAutomation\VisualAutomation\VisualAutomation.vcxproj" (Build target(s)) -- FAILED.

Build FAILED.

Time Elapsed 00:00:02.04
