Build started 24-12-2014 12:30:44.
     1>Project "C:\Users\Utilizador\Documents\Visual Studio 2013\Projects\VisualAutomation\VisualAutomation\VisualAutomation.vcxproj" on node 2 (Build target(s)).
     1>ClCompile:
         C:\Program Files (x86)\Microsoft Visual Studio 12.0\VC\bin\CL.exe /c /I"C:\Program Files\IDS\uEye\Develop\include" /IC:\opencv249\build\include /ZI /nologo /W3 /WX- /sdl /Od /Oy- /D WIN32 /D _WINDOWS /D _DEBUG /D _UNICODE /D UNICODE /D _AFXDLL /Gm /EHsc /RTC1 /MDd /GS /fp:precise /Zc:wchar_t /Zc:forScope /Yu"stdafx.h" /Fp"Debug\VisualAutomation.pch" /Fo"Debug\\" /Fd"Debug\vc120.pdb" /Gd /TP /analyze- /errorReport:prompt Detection.cpp DialogCalib.cpp
         DialogCalib.cpp
     1>c:\users\utilizador\documents\visual studio 2013\projects\visualautomation\visualautomation\dialogcalib.cpp(60): warning C4244: 'argument' : conversion from 'double' to 'int', possible loss of data
     1>c:\users\utilizador\documents\visual studio 2013\projects\visualautomation\visualautomation\dialogcalib.cpp(65): warning C4553: '==' : operator has no effect; did you intend '='?
     1>c:\users\utilizador\documents\visual studio 2013\projects\visualautomation\visualautomation\dialogcalib.cpp(68): warning C4553: '==' : operator has no effect; did you intend '='?
         Detection.cpp
     1>c:\users\utilizador\documents\visual studio 2013\projects\visualautomation\visualautomation\detection.cpp(195): warning C4101: 'rowL' : unreferenced local variable
     1>c:\users\utilizador\documents\visual studio 2013\projects\visualautomation\visualautomation\detection.cpp(195): warning C4101: 'col2L' : unreferenced local variable
     1>c:\users\utilizador\documents\visual studio 2013\projects\visualautomation\visualautomation\detection.cpp(195): warning C4101: 'colR' : unreferenced local variable
     1>c:\users\utilizador\documents\visual studio 2013\projects\visualautomation\visualautomation\detection.cpp(195): warning C4101: 'rowB' : unreferenced local variable
     1>c:\users\utilizador\documents\visual studio 2013\projects\visualautomation\visualautomation\detection.cpp(195): warning C4101: 'rowR' : unreferenced local variable
     1>c:\users\utilizador\documents\visual studio 2013\projects\visualautomation\visualautomation\detection.cpp(195): warning C4101: 'colL' : unreferenced local variable
     1>c:\users\utilizador\documents\visual studio 2013\projects\visualautomation\visualautomation\detection.cpp(195): warning C4101: 'rowM' : unreferenced local variable
     1>c:\users\utilizador\documents\visual studio 2013\projects\visualautomation\visualautomation\detection.cpp(406): warning C4018: '<' : signed/unsigned mismatch
     1>c:\users\utilizador\documents\visual studio 2013\projects\visualautomation\visualautomation\detection.cpp(414): warning C4018: '<' : signed/unsigned mismatch
     1>c:\users\utilizador\documents\visual studio 2013\projects\visualautomation\visualautomation\detection.cpp(440): warning C4244: 'argument' : conversion from 'int' to 'float', possible loss of data
     1>c:\users\utilizador\documents\visual studio 2013\projects\visualautomation\visualautomation\detection.cpp(458): warning C4244: 'argument' : conversion from 'int' to 'float', possible loss of data
     1>c:\users\utilizador\documents\visual studio 2013\projects\visualautomation\visualautomation\detection.cpp(462): warning C4018: '<' : signed/unsigned mismatch
     1>c:\users\utilizador\documents\visual studio 2013\projects\visualautomation\visualautomation\detection.cpp(565): warning C4244: 'initializing' : conversion from 'int' to 'float', possible loss of data
     1>c:\users\utilizador\documents\visual studio 2013\projects\visualautomation\visualautomation\detection.cpp(571): warning C4244: 'initializing' : conversion from 'double' to 'float', possible loss of data
         Generating Code...
     1>c:\users\utilizador\documents\visual studio 2013\projects\visualautomation\visualautomation\detection.cpp(403): warning C4715: 'Detection::mmToPixels' : not all control paths return a value
       Link:
         C:\Program Files (x86)\Microsoft Visual Studio 12.0\VC\bin\link.exe /ERRORREPORT:PROMPT /OUT:"C:\Users\Utilizador\Documents\Visual Studio 2013\Projects\VisualAutomation\Debug\VisualAutomation.exe" /INCREMENTAL /NOLOGO /LIBPATH:"C:\Program Files\IDS\uEye\Develop\Lib" /LIBPATH:C:\opencv249\build\x86\vc12\lib ueye_api.lib opencv_calib3d249d.lib opencv_contrib249d.lib opencv_core249d.lib opencv_features2d249d.lib opencv_flann249d.lib opencv_gpu249d.lib opencv_highgui249d.lib opencv_imgproc249d.lib opencv_legacy249d.lib opencv_ml249d.lib opencv_nonfree249d.lib opencv_objdetect249d.lib opencv_ocl249d.lib opencv_photo249d.lib opencv_stitching249d.lib opencv_superres249d.lib opencv_ts249d.lib opencv_video249d.lib opencv_videostab249d.lib /MANIFEST /MANIFESTUAC:"level='asInvoker' uiAccess='false'" /manifest:embed /manifestinput:"C:\Program Files (x86)\Microsoft Visual Studio 12.0\VC\Include\Manifest\dpiaware.manifest" /DEBUG /PDB:"C:\Users\Utilizador\Documents\Visual Studio 2013\Projects\VisualAutomation\Debug\VisualAutomation.pdb" /SUBSYSTEM:WINDOWS /TLBID:1 /ENTRY:"wWinMainCRTStartup" /DYNAMICBASE /NXCOMPAT /IMPLIB:"C:\Users\Utilizador\Documents\Visual Studio 2013\Projects\VisualAutomation\Debug\VisualAutomation.lib" /MACHINE:X86 Debug\VisualAutomation.res
         Debug\Camera.obj
         Debug\Constants.obj
         Debug\Detection.obj
         Debug\DialogCalib.obj
         Debug\DialogConn.obj
         Debug\DialogVision.obj
         Debug\DlgProxy.obj
         Debug\PLCCom.obj
         Debug\sscxservercommunicationcontrol.obj
         Debug\stdafx.obj
         Debug\VisualAutomation.obj
         Debug\VisualAutomationDlg.obj
         Debug\VisualRecognition.obj
         Debug\XMLLoader.obj
         VisualAutomation.vcxproj -> C:\Users\Utilizador\Documents\Visual Studio 2013\Projects\VisualAutomation\Debug\VisualAutomation.exe
     1>Done Building Project "C:\Users\Utilizador\Documents\Visual Studio 2013\Projects\VisualAutomation\VisualAutomation\VisualAutomation.vcxproj" (Build target(s)).

Build succeeded.

Time Elapsed 00:00:02.39
