Build started 21-12-2014 15:47:43.
     1>Project "C:\Users\Utilizador\Documents\Visual Studio 2013\Projects\VisualAutomation\VisualAutomation\VisualAutomation.vcxproj" on node 2 (Build target(s)).
     1>Midl:
         C:\Program Files (x86)\Windows Kits\8.1\bin\x86\midl.exe /D _DEBUG /W1 /nologo /char signed /env x64 /h "VisualAutomation_h.h" /tlb "x64\Debug\VisualAutomation.tlb" VisualAutomation.idl 
         64 bit Processing .\VisualAutomation.idl
         VisualAutomation.idl
         64 bit Processing C:\Program Files (x86)\Windows Kits\8.1\Include\um\oaidl.idl
         oaidl.idl
         64 bit Processing C:\Program Files (x86)\Windows Kits\8.1\Include\um\objidl.idl
         objidl.idl
         64 bit Processing C:\Program Files (x86)\Windows Kits\8.1\Include\um\unknwn.idl
         unknwn.idl
         64 bit Processing C:\Program Files (x86)\Windows Kits\8.1\Include\shared\wtypes.idl
         wtypes.idl
         64 bit Processing C:\Program Files (x86)\Windows Kits\8.1\Include\shared\wtypesbase.idl
         wtypesbase.idl
         64 bit Processing C:\Program Files (x86)\Windows Kits\8.1\Include\shared\basetsd.h
         basetsd.h
         64 bit Processing C:\Program Files (x86)\Windows Kits\8.1\Include\shared\guiddef.h
         guiddef.h
         64 bit Processing C:\Program Files (x86)\Windows Kits\8.1\Include\um\oaidl.acf
         oaidl.acf
       ClCompile:
         C:\Program Files (x86)\Microsoft Visual Studio 12.0\VC\bin\x86_amd64\CL.exe /c /I"C:\Program Files\IDS\uEye\Develop\include" /IC:\opencv249\build\include /Zi /nologo /W3 /WX- /sdl /Od /D WIN32 /D _WINDOWS /D _DEBUG /D _UNICODE /D UNICODE /D _AFXDLL /Gm /EHsc /RTC1 /MDd /GS /fp:precise /Zc:wchar_t /Zc:forScope /Yc"stdafx.h" /Fp"x64\Debug\VisualAutomation.pch" /Fo"x64\Debug\\" /Fd"x64\Debug\vc120.pdb" /Gd /TP /errorReport:prompt stdafx.cpp
         stdafx.cpp
         C:\Program Files (x86)\Microsoft Visual Studio 12.0\VC\bin\x86_amd64\CL.exe /c /I"C:\Program Files\IDS\uEye\Develop\include" /IC:\opencv249\build\include /Zi /nologo /W3 /WX- /sdl /Od /D WIN32 /D _WINDOWS /D _DEBUG /D _UNICODE /D UNICODE /D _AFXDLL /Gm /EHsc /RTC1 /MDd /GS /fp:precise /Zc:wchar_t /Zc:forScope /Yu"stdafx.h" /Fp"x64\Debug\VisualAutomation.pch" /Fo"x64\Debug\\" /Fd"x64\Debug\vc120.pdb" /Gd /TP /errorReport:prompt Camera.cpp Constants.cpp Detection.cpp DialogCalib.cpp DialogConn.cpp DialogVision.cpp DlgProxy.cpp PLCCom.cpp sscxservercommunicationcontrol.cpp VisualAutomation.cpp VisualAutomationDlg.cpp VisualRecognition.cpp XMLLoader.cpp
         XMLLoader.cpp
     1>c:\users\utilizador\documents\visual studio 2013\projects\visualautomation\visualautomation\XMLLoader.h(7): warning C4192: automatically excluding 'ISequentialStream' while importing type library 'msxml6.dll'
     1>c:\users\utilizador\documents\visual studio 2013\projects\visualautomation\visualautomation\XMLLoader.h(7): warning C4192: automatically excluding '_FILETIME' while importing type library 'msxml6.dll'
         VisualRecognition.cpp
     1>VisualRecognition.cpp(1): warning C4627: '#include <thread>': skipped when looking for precompiled header use
                 Add directive to 'stdafx.h' or rebuild precompiled header
         VisualAutomationDlg.cpp
         VisualAutomation.cpp
         sscxservercommunicationcontrol.cpp
         PLCCom.cpp
     1>PLCCom.cpp(42): warning C4101: 'lbound' : unreferenced local variable
     1>PLCCom.cpp(42): warning C4101: 'ubound' : unreferenced local variable
     1>PLCCom.cpp(42): warning C4101: 'nElements' : unreferenced local variable
     1>PLCCom.cpp(49): warning C4101: 'lbound' : unreferenced local variable
     1>PLCCom.cpp(49): warning C4101: 'ubound' : unreferenced local variable
     1>PLCCom.cpp(49): warning C4101: 'nElements' : unreferenced local variable
         DlgProxy.cpp
         DialogVision.cpp
     1>DialogVision.cpp(41): warning C4101: 'logFont' : unreferenced local variable
         DialogConn.cpp
         DialogCalib.cpp
     1>DialogCalib.cpp(60): warning C4244: 'argument' : conversion from 'double' to 'int', possible loss of data
     1>DialogCalib.cpp(65): warning C4553: '==' : operator has no effect; did you intend '='?
     1>DialogCalib.cpp(68): warning C4553: '==' : operator has no effect; did you intend '='?
         Detection.cpp
     1>Detection.cpp(194): warning C4101: 'rowL' : unreferenced local variable
     1>Detection.cpp(194): warning C4101: 'col2L' : unreferenced local variable
     1>Detection.cpp(194): warning C4101: 'colR' : unreferenced local variable
     1>Detection.cpp(194): warning C4101: 'rowB' : unreferenced local variable
     1>Detection.cpp(194): warning C4101: 'rowR' : unreferenced local variable
     1>Detection.cpp(194): warning C4101: 'colL' : unreferenced local variable
     1>Detection.cpp(194): warning C4101: 'rowM' : unreferenced local variable
     1>Detection.cpp(421): warning C4267: 'initializing' : conversion from 'size_t' to 'int', possible loss of data
     1>Detection.cpp(423): warning C4267: 'argument' : conversion from 'size_t' to 'int', possible loss of data
     1>Detection.cpp(437): warning C4244: 'argument' : conversion from 'int' to 'float', possible loss of data
     1>Detection.cpp(450): warning C4244: 'argument' : conversion from 'int' to 'float', possible loss of data
     1>Detection.cpp(557): warning C4244: 'initializing' : conversion from 'int' to 'float', possible loss of data
     1>Detection.cpp(563): warning C4244: 'initializing' : conversion from 'double' to 'float', possible loss of data
         Constants.cpp
         Camera.cpp
         Generating Code...
     1>c:\users\utilizador\documents\visual studio 2013\projects\visualautomation\visualautomation\detection.cpp(402): warning C4715: 'Detection::mmToPixels' : not all control paths return a value
       ResourceCompile:
         C:\Program Files (x86)\Windows Kits\8.1\bin\x86\rc.exe /D _DEBUG /D _UNICODE /D UNICODE /D _AFXDLL /l"0x0409" /Ix64\Debug\ /nologo /fo"x64\Debug\VisualAutomation.res" VisualAutomation.rc 
       Link:
         C:\Program Files (x86)\Microsoft Visual Studio 12.0\VC\bin\x86_amd64\link.exe /ERRORREPORT:PROMPT /OUT:"C:\Users\Utilizador\Documents\Visual Studio 2013\Projects\VisualAutomation\x64\Debug\VisualAutomation.exe" /INCREMENTAL /NOLOGO /LIBPATH:"C:\Program Files\IDS\uEye\Develop\Lib" /LIBPATH:C:\opencv249\build\x86\vc12\lib ueye_api.lib opencv_calib3d249d.lib opencv_contrib249d.lib opencv_core249d.lib opencv_features2d249d.lib opencv_flann249d.lib opencv_gpu249d.lib opencv_highgui249d.lib opencv_imgproc249d.lib opencv_legacy249d.lib opencv_ml249d.lib opencv_nonfree249d.lib opencv_objdetect249d.lib opencv_ocl249d.lib opencv_photo249d.lib opencv_stitching249d.lib opencv_superres249d.lib opencv_ts249d.lib opencv_video249d.lib opencv_videostab249d.lib /MANIFEST /MANIFESTUAC:"level='asInvoker' uiAccess='false'" /manifest:embed /manifestinput:"C:\Program Files (x86)\Microsoft Visual Studio 12.0\VC\Include\Manifest\dpiaware.manifest" /DEBUG /PDB:"C:\Users\Utilizador\Documents\Visual Studio 2013\Projects\VisualAutomation\x64\Debug\VisualAutomation.pdb" /SUBSYSTEM:WINDOWS /TLBID:1 /ENTRY:"wWinMainCRTStartup" /DYNAMICBASE /NXCOMPAT /IMPLIB:"C:\Users\Utilizador\Documents\Visual Studio 2013\Projects\VisualAutomation\x64\Debug\VisualAutomation.lib" /MACHINE:X64 x64\Debug\VisualAutomation.res
         x64\Debug\Camera.obj
         x64\Debug\Constants.obj
         x64\Debug\Detection.obj
         x64\Debug\DialogCalib.obj
         x64\Debug\DialogConn.obj
         x64\Debug\DialogVision.obj
         x64\Debug\DlgProxy.obj
         x64\Debug\PLCCom.obj
         x64\Debug\sscxservercommunicationcontrol.obj
         x64\Debug\stdafx.obj
         x64\Debug\VisualAutomation.obj
         x64\Debug\VisualAutomationDlg.obj
         x64\Debug\VisualRecognition.obj
         x64\Debug\XMLLoader.obj
     1>opencv_highgui249d.lib(opencv_highgui249d.dll) : fatal error LNK1112: module machine type 'X86' conflicts with target machine type 'x64'
     1>Done Building Project "C:\Users\Utilizador\Documents\Visual Studio 2013\Projects\VisualAutomation\VisualAutomation\VisualAutomation.vcxproj" (Build target(s)) -- FAILED.

Build FAILED.

Time Elapsed 00:00:14.88
